Time[ps]    Etot/N[eV]   Epot/N[eV]   Ekin/N[eV]    T[K]
0.0000          -7.6898      -7.9345       0.2447  1892.9
0.0500          -7.6889      -7.8280       0.1391  1075.8
0.1000          -7.6875      -7.8336       0.1460  1129.8
0.1500          -7.6850      -7.8390       0.1540  1191.5
0.2000          -7.6824      -7.8158       0.1334  1031.7
0.2500          -7.6800      -7.8564       0.1765  1365.3
0.3000          -7.6743      -7.7861       0.1118   864.8
0.3500          -7.6708      -7.8045       0.1337  1034.2
0.4000          -7.6626      -7.8187       0.1561  1207.4
0.4500          -7.6568      -7.8086       0.1518  1174.2
0.5000          -7.6449      -7.8189       0.1740  1345.9
0.5500          -7.6330      -7.7769       0.1440  1113.9
0.6000          -7.6246      -7.7808       0.1562  1208.3
0.6500          -7.6173      -7.8201       0.2028  1569.1
0.7000          -7.6073      -7.7589       0.1516  1173.0
0.7500          -7.6024      -7.7574       0.1549  1198.7
0.8000          -7.5969      -7.7434       0.1466  1134.1
0.8500          -7.5953      -7.7960       0.2007  1552.5
0.9000          -7.5912      -7.7789       0.1877  1452.0
0.9500          -7.5855      -7.7694       0.1839  1422.6
1.0000          -7.5853      -7.7645       0.1792  1386.6
1.0500          -7.5805      -7.7622       0.1817  1405.7
1.1000          -7.5788      -7.7860       0.2072  1602.9
1.1500          -7.5746      -7.7625       0.1879  1453.6
1.2000          -7.5729      -7.7603       0.1874  1450.1
1.2500          -7.5694      -7.7614       0.1920  1485.0
1.3000          -7.5677      -7.8041       0.2364  1828.8
1.3500          -7.5651      -7.7808       0.2157  1668.7
1.4000          -7.5635      -7.7671       0.2036  1575.0
1.4500          -7.5618      -7.7436       0.1818  1406.2
1.5000          -7.5600      -7.7472       0.1872  1448.4
1.5500          -7.5595      -7.8174       0.2579  1994.9
1.6000          -7.5588      -7.7707       0.2119  1639.1
1.6500          -7.5563      -7.7386       0.1823  1410.7
1.7000          -7.5546      -7.7232       0.1686  1304.7
1.7500          -7.5572      -7.7638       0.2067  1598.8
1.8000          -7.5522      -7.7043       0.1521  1176.8
1.8500          -7.5548      -7.7550       0.2002  1548.6
1.9000          -7.5549      -7.7769       0.2220  1717.4
1.9500          -7.5565      -7.7962       0.2396  1853.9
2.0000          -7.5563      -7.7633       0.2070  1601.4
2.0500          -7.5568      -7.7702       0.2134  1651.2
2.1000          -7.5583      -7.7435       0.1852  1432.5
2.1500          -7.5614      -7.7751       0.2137  1653.5
2.2000          -7.5645      -7.7995       0.2350  1818.2
2.2500          -7.5638      -7.7799       0.2161  1671.8
2.3000          -7.5671      -7.7325       0.1654  1279.4
2.3500          -7.5711      -7.7648       0.1936  1498.1
2.4000          -7.5739      -7.7456       0.1717  1328.1
2.4500          -7.5779      -7.7664       0.1885  1458.5
2.5000          -7.5820      -7.7286       0.1466  1134.3
2.5500          -7.5871      -7.7804       0.1934  1495.9
2.6000          -7.5959      -7.7648       0.1689  1306.9
2.6500          -7.6024      -7.7912       0.1888  1460.5
2.7000          -7.6075      -7.7670       0.1595  1234.0
2.7500          -7.6125      -7.7862       0.1737  1343.5
2.8000          -7.6174      -7.7975       0.1801  1393.3
2.8500          -7.6239      -7.7702       0.1463  1131.6
2.9000          -7.6309      -7.7938       0.1629  1260.1
2.9500          -7.6367      -7.8218       0.1851  1431.8
3.0000          -7.6385      -7.7691       0.1306  1010.4
3.0500          -7.6432      -7.8031       0.1599  1237.3
3.1000          -7.6456      -7.7706       0.1250   967.1
3.1500          -7.6500      -7.8178       0.1678  1298.1
3.2000          -7.6506      -7.7986       0.1480  1144.8
3.2500          -7.6527      -7.8259       0.1732  1339.9
3.3000          -7.6541      -7.8268       0.1728  1336.6
3.3500          -7.6519      -7.7971       0.1451  1122.6
3.4000          -7.6540      -7.8435       0.1895  1465.7
3.4500          -7.6535      -7.8045       0.1510  1168.3
3.5000          -7.6531      -7.8218       0.1687  1305.3
3.5500          -7.6506      -7.8024       0.1519  1174.8
3.6000          -7.6470      -7.7915       0.1445  1118.0
3.6500          -7.6419      -7.8057       0.1638  1266.9
3.7000          -7.6355      -7.8249       0.1894  1465.0
3.7500          -7.6289      -7.7666       0.1377  1065.0
3.8000          -7.6231      -7.7813       0.1582  1223.9
3.8500          -7.6116      -7.7891       0.1775  1372.9
3.9000          -7.6003      -7.8038       0.2035  1574.2
3.9500          -7.5851      -7.7308       0.1457  1127.1
4.0000          -7.5759      -7.7820       0.2062  1595.1
4.0500          -7.5633      -7.7782       0.2149  1662.4
4.1000          -7.5516      -7.7812       0.2297  1776.7
4.1500          -7.5443      -7.7709       0.2266  1753.3
4.2000          -7.5384      -7.7742       0.2358  1824.1
4.2500          -7.5340      -7.7648       0.2307  1784.9
4.3000          -7.5313      -7.7687       0.2373  1836.0
4.3500          -7.5316      -7.7930       0.2614  2022.3
4.4000          -7.5309      -7.7430       0.2121  1641.1
4.4500          -7.5308      -7.7490       0.2181  1687.6
4.5000          -7.5288      -7.7607       0.2319  1793.9
4.5500          -7.5299      -7.7984       0.2685  2077.3
4.6000          -7.5305      -7.7219       0.1915  1481.4
4.6500          -7.5332      -7.7455       0.2123  1642.3
4.7000          -7.5329      -7.7132       0.1804  1395.5
4.7500          -7.5391      -7.7377       0.1986  1536.5
4.8000          -7.5411      -7.7837       0.2426  1877.2
4.8500          -7.5456      -7.7839       0.2384  1844.0
4.9000          -7.5491      -7.7825       0.2334  1805.9
4.9500          -7.5551      -7.7717       0.2165  1675.2
5.0000          -7.5590      -7.7852       0.2262  1750.0
5.0500          -7.5659      -7.7761       0.2103  1626.8
5.1000          -7.5681      -7.7916       0.2235  1729.4
5.1500          -7.5745      -7.7499       0.1754  1356.9
5.2000          -7.5800      -7.7666       0.1866  1443.3
5.2500          -7.5827      -7.7460       0.1632  1262.8
5.3000          -7.5879      -7.7262       0.1383  1069.9
5.3500          -7.5954      -7.7913       0.1959  1515.7
5.4000          -7.5993      -7.7855       0.1862  1440.5
5.4500          -7.6051      -7.7643       0.1593  1232.3
5.5000          -7.6085      -7.8074       0.1989  1538.5
5.5500          -7.6120      -7.7918       0.1798  1390.9
5.6000          -7.6148      -7.7720       0.1572  1215.8
5.6500          -7.6171      -7.7465       0.1293  1000.7
5.7000          -7.6192      -7.8262       0.2070  1601.7
5.7500          -7.6200      -7.8043       0.1843  1425.7
5.8000          -7.6235      -7.7689       0.1454  1124.7
5.8500          -7.6231      -7.7964       0.1733  1340.7
5.9000          -7.6234      -7.7893       0.1659  1283.1
5.9500          -7.6255      -7.8443       0.2189  1693.4
6.0000          -7.6250      -7.7446       0.1196   925.6
6.0500          -7.6227      -7.7945       0.1718  1328.9
6.1000          -7.6216      -7.7611       0.1396  1079.7
6.1500          -7.6217      -7.7931       0.1714  1326.0
6.2000          -7.6202      -7.8044       0.1841  1424.3
6.2500          -7.6168      -7.7938       0.1770  1369.5
6.3000          -7.6125      -7.8178       0.2053  1588.6
6.3500          -7.6043      -7.7820       0.1777  1374.9
6.4000          -7.5964      -7.8018       0.2053  1588.5
6.4500          -7.5844      -7.7618       0.1773  1372.0
6.5000          -7.5742      -7.7614       0.1872  1448.1
6.5500          -7.5592      -7.7506       0.1913  1480.3
6.6000          -7.5429      -7.7502       0.2073  1603.7
6.6500          -7.5289      -7.7037       0.1748  1352.4
6.7000          -7.5188      -7.7530       0.2342  1811.7
6.7500          -7.5078      -7.7243       0.2165  1674.9
6.8000          -7.5031      -7.7813       0.2782  2152.2
6.8500          -7.4951      -7.7440       0.2489  1925.6
6.9000          -7.4918      -7.6814       0.1896  1467.1
6.9500          -7.4866      -7.6875       0.2009  1554.0
7.0000          -7.4875      -7.7298       0.2424  1875.0
7.0500          -7.4889      -7.7228       0.2339  1809.8
7.1000          -7.4895      -7.7666       0.2771  2143.7
7.1500          -7.4926      -7.7210       0.2284  1766.6
7.2000          -7.4937      -7.7283       0.2346  1815.3
7.2500          -7.4968      -7.7565       0.2597  2009.0
7.3000          -7.5071      -7.6974       0.1903  1472.5
7.3500          -7.5147      -7.7464       0.2317  1792.8
7.4000          -7.5196      -7.7702       0.2506  1938.5
7.4500          -7.5260      -7.7388       0.2128  1646.3
7.5000          -7.5326      -7.7387       0.2062  1594.9
7.5500          -7.5403      -7.7517       0.2115  1636.0
7.6000          -7.5520      -7.7932       0.2412  1866.2
7.6500          -7.5557      -7.7342       0.1786  1381.4
7.7000          -7.5648      -7.7500       0.1851  1432.1
7.7500          -7.5741      -7.8329       0.2588  2002.2
7.8000          -7.5796      -7.7494       0.1698  1313.3
7.8500          -7.5876      -7.8073       0.2197  1699.8
7.9000          -7.5916      -7.7523       0.1607  1243.5
7.9500          -7.5946      -7.7856       0.1910  1477.8
8.0000          -7.5972      -7.7668       0.1696  1312.0
8.0500          -7.6032      -7.7984       0.1951  1509.7
8.1000          -7.6054      -7.7464       0.1410  1091.0
8.1500          -7.6097      -7.8061       0.1964  1519.5
8.2000          -7.6124      -7.8033       0.1909  1476.8
8.2500          -7.6140      -7.8083       0.1943  1502.8
8.3000          -7.6159      -7.8144       0.1985  1535.6
8.3500          -7.6184      -7.8074       0.1890  1462.2
8.4000          -7.6210      -7.8132       0.1922  1487.1
8.4500          -7.6163      -7.8189       0.2026  1567.1
8.5000          -7.6161      -7.7476       0.1315  1017.1
8.5500          -7.6152      -7.7935       0.1783  1379.6
8.6000          -7.6146      -7.8094       0.1948  1507.4
8.6500          -7.6124      -7.7426       0.1302  1007.3
8.7000          -7.6132      -7.8333       0.2202  1703.3
8.7500          -7.6078      -7.7491       0.1413  1092.9
8.8000          -7.6048      -7.7817       0.1769  1368.7
8.8500          -7.5996      -7.7933       0.1937  1498.7
8.9000          -7.5979      -7.7731       0.1752  1355.4
8.9500          -7.5938      -7.8183       0.2244  1736.3
9.0000          -7.5902      -7.8229       0.2327  1800.0
9.0500          -7.5884      -7.8082       0.2198  1700.7
9.1000          -7.5810      -7.7453       0.1643  1271.1
9.1500          -7.5776      -7.7821       0.2045  1581.9
9.2000          -7.5720      -7.7474       0.1754  1357.2
9.2500          -7.5636      -7.7410       0.1774  1372.4
9.3000          -7.5563      -7.7958       0.2395  1852.8
9.3500          -7.5495      -7.7810       0.2316  1791.4
9.4000          -7.5381      -7.7265       0.1883  1456.9
9.4500          -7.5269      -7.7798       0.2530  1957.0
9.5000          -7.5186      -7.7428       0.2241  1734.0
9.5500          -7.5069      -7.7364       0.2295  1775.5
9.6000          -7.4940      -7.7541       0.2601  2012.5
9.6500          -7.4803      -7.6951       0.2147  1661.2
9.7000          -7.4657      -7.6992       0.2336  1807.0
9.7500          -7.4509      -7.7464       0.2955  2286.4
9.8000          -7.4398      -7.6940       0.2542  1966.8
9.8500          -7.4296      -7.6930       0.2633  2037.3
9.9000          -7.4212      -7.6854       0.2642  2044.1
9.9500          -7.4173      -7.7484       0.3312  2562.0
10.0000         -7.4153      -7.7164       0.3012  2330.0
